2020-06-10 11:37:33.110 ERROR 8616 --- [main] o.s.boot.SpringApplication               : Application run failed

org.springframework.boot.context.properties.bind.BindException: Failed to bind properties under 'logging.level' to java.util.Map<java.lang.String, org.springframework.boot.logging.LogLevel>
	at org.springframework.boot.context.properties.bind.Binder.handleBindError(Binder.java:363) ~[spring-boot-2.3.0.RELEASE.jar:2.3.0.RELEASE]
	at org.springframework.boot.context.properties.bind.Binder.bind(Binder.java:323) ~[spring-boot-2.3.0.RELEASE.jar:2.3.0.RELEASE]
	at org.springframework.boot.context.properties.bind.Binder.bind(Binder.java:308) ~[spring-boot-2.3.0.RELEASE.jar:2.3.0.RELEASE]
	at org.springframework.boot.context.properties.bind.Binder.bind(Binder.java:238) ~[spring-boot-2.3.0.RELEASE.jar:2.3.0.RELEASE]
	at org.springframework.boot.context.properties.bind.Binder.bind(Binder.java:212) ~[spring-boot-2.3.0.RELEASE.jar:2.3.0.RELEASE]
	at org.springframework.boot.context.logging.LoggingApplicationListener.setLogLevels(LoggingApplicationListener.java:364) ~[spring-boot-2.3.0.RELEASE.jar:2.3.0.RELEASE]
	at org.springframework.boot.context.logging.LoggingApplicationListener.initializeFinalLoggingLevels(LoggingApplicationListener.java:331) ~[spring-boot-2.3.0.RELEASE.jar:2.3.0.RELEASE]
	at org.springframework.boot.context.logging.LoggingApplicationListener.initialize(LoggingApplicationListener.java:282) ~[spring-boot-2.3.0.RELEASE.jar:2.3.0.RELEASE]
	at org.springframework.boot.context.logging.LoggingApplicationListener.onApplicationEnvironmentPreparedEvent(LoggingApplicationListener.java:239) ~[spring-boot-2.3.0.RELEASE.jar:2.3.0.RELEASE]
	at org.springframework.boot.context.logging.LoggingApplicationListener.onApplicationEvent(LoggingApplicationListener.java:216) ~[spring-boot-2.3.0.RELEASE.jar:2.3.0.RELEASE]
	at org.springframework.context.event.SimpleApplicationEventMulticaster.doInvokeListener(SimpleApplicationEventMulticaster.java:172) ~[spring-context-5.2.6.RELEASE.jar:5.2.6.RELEASE]
	at org.springframework.context.event.SimpleApplicationEventMulticaster.invokeListener(SimpleApplicationEventMulticaster.java:165) ~[spring-context-5.2.6.RELEASE.jar:5.2.6.RELEASE]
	at org.springframework.context.event.SimpleApplicationEventMulticaster.multicastEvent(SimpleApplicationEventMulticaster.java:139) ~[spring-context-5.2.6.RELEASE.jar:5.2.6.RELEASE]
	at org.springframework.context.event.SimpleApplicationEventMulticaster.multicastEvent(SimpleApplicationEventMulticaster.java:127) ~[spring-context-5.2.6.RELEASE.jar:5.2.6.RELEASE]
	at org.springframework.boot.context.event.EventPublishingRunListener.environmentPrepared(EventPublishingRunListener.java:80) ~[spring-boot-2.3.0.RELEASE.jar:2.3.0.RELEASE]
	at org.springframework.boot.SpringApplicationRunListeners.environmentPrepared(SpringApplicationRunListeners.java:53) ~[spring-boot-2.3.0.RELEASE.jar:2.3.0.RELEASE]
	at org.springframework.boot.SpringApplication.prepareEnvironment(SpringApplication.java:345) ~[spring-boot-2.3.0.RELEASE.jar:2.3.0.RELEASE]
	at org.springframework.boot.SpringApplication.run(SpringApplication.java:308) ~[spring-boot-2.3.0.RELEASE.jar:2.3.0.RELEASE]
	at org.springframework.boot.SpringApplication.run(SpringApplication.java:1237) ~[spring-boot-2.3.0.RELEASE.jar:2.3.0.RELEASE]
	at org.springframework.boot.SpringApplication.run(SpringApplication.java:1226) ~[spring-boot-2.3.0.RELEASE.jar:2.3.0.RELEASE]
	at eternal.fire.springbootrobot.SprintBootRobotApplication.main(SprintBootRobotApplication.java:12) ~[classes/:na]
Caused by: org.springframework.core.convert.ConverterNotFoundException: No converter found capable of converting from type [java.lang.String] to type [java.util.Map<java.lang.String, org.springframework.boot.logging.LogLevel>]
	at org.springframework.core.convert.support.GenericConversionService.handleConverterNotFound(GenericConversionService.java:321) ~[spring-core-5.2.6.RELEASE.jar:5.2.6.RELEASE]
	at org.springframework.core.convert.support.GenericConversionService.convert(GenericConversionService.java:194) ~[spring-core-5.2.6.RELEASE.jar:5.2.6.RELEASE]
	at org.springframework.boot.context.properties.bind.BindConverter$CompositeConversionService.convert(BindConverter.java:170) ~[spring-boot-2.3.0.RELEASE.jar:2.3.0.RELEASE]
	at org.springframework.boot.context.properties.bind.BindConverter.convert(BindConverter.java:96) ~[spring-boot-2.3.0.RELEASE.jar:2.3.0.RELEASE]
	at org.springframework.boot.context.properties.bind.BindConverter.convert(BindConverter.java:88) ~[spring-boot-2.3.0.RELEASE.jar:2.3.0.RELEASE]
	at org.springframework.boot.context.properties.bind.MapBinder.bindAggregate(MapBinder.java:64) ~[spring-boot-2.3.0.RELEASE.jar:2.3.0.RELEASE]
	at org.springframework.boot.context.properties.bind.AggregateBinder.bind(AggregateBinder.java:56) ~[spring-boot-2.3.0.RELEASE.jar:2.3.0.RELEASE]
	at org.springframework.boot.context.properties.bind.Binder.lambda$bindAggregate$3(Binder.java:414) ~[spring-boot-2.3.0.RELEASE.jar:2.3.0.RELEASE]
	at org.springframework.boot.context.properties.bind.Binder$Context.withIncreasedDepth(Binder.java:571) ~[spring-boot-2.3.0.RELEASE.jar:2.3.0.RELEASE]
	at org.springframework.boot.context.properties.bind.Binder$Context.access$100(Binder.java:512) ~[spring-boot-2.3.0.RELEASE.jar:2.3.0.RELEASE]
	at org.springframework.boot.context.properties.bind.Binder.bindAggregate(Binder.java:414) ~[spring-boot-2.3.0.RELEASE.jar:2.3.0.RELEASE]
	at org.springframework.boot.context.properties.bind.Binder.bindObject(Binder.java:375) ~[spring-boot-2.3.0.RELEASE.jar:2.3.0.RELEASE]
	at org.springframework.boot.context.properties.bind.Binder.bind(Binder.java:319) ~[spring-boot-2.3.0.RELEASE.jar:2.3.0.RELEASE]
	... 19 common frames omitted

2020-06-10 11:43:04.387  INFO 2616 --- [main] e.f.s.SprintBootRobotApplication         : Starting SprintBootRobotApplication on Ming with PID 2616 (D:\Project\IdeaProjects\sprint-boot-robot\target\classes started by 67460 in D:\Project\IdeaProjects\sprint-boot-robot)
2020-06-10 11:43:04.389  INFO 2616 --- [main] e.f.s.SprintBootRobotApplication         : No active profile set, falling back to default profiles: default
2020-06-10 11:43:05.162  INFO 2616 --- [main] o.s.b.w.embedded.tomcat.TomcatWebServer  : Tomcat initialized with port(s): 7000 (http)
2020-06-10 11:43:05.169  INFO 2616 --- [main] o.apache.catalina.core.StandardService   : Starting service [Tomcat]
2020-06-10 11:43:05.169  INFO 2616 --- [main] org.apache.catalina.core.StandardEngine  : Starting Servlet engine: [Apache Tomcat/9.0.35]
2020-06-10 11:43:05.231  INFO 2616 --- [main] o.a.c.c.C.[Tomcat].[localhost].[/]       : Initializing Spring embedded WebApplicationContext
2020-06-10 11:43:05.231  INFO 2616 --- [main] o.s.web.context.ContextLoader            : Root WebApplicationContext: initialization completed in 802 ms
2020-06-10 11:43:05.492  INFO 2616 --- [main] o.s.s.concurrent.ThreadPoolTaskExecutor  : Initializing ExecutorService 'applicationTaskExecutor'
2020-06-10 11:43:05.585  INFO 2616 --- [main] o.s.s.c.ThreadPoolTaskScheduler          : Initializing ExecutorService 'taskScheduler'
2020-06-10 11:43:05.608  INFO 2616 --- [main] o.s.b.w.embedded.tomcat.TomcatWebServer  : Tomcat started on port(s): 7000 (http) with context path ''
2020-06-10 11:43:05.618  INFO 2616 --- [main] e.f.s.SprintBootRobotApplication         : Started SprintBootRobotApplication in 1.545 seconds (JVM running for 2.094)
2020-06-10 11:46:34.224  INFO 2992 --- [main] e.f.s.SprintBootRobotApplication         : Starting SprintBootRobotApplication on Ming with PID 2992 (D:\Project\IdeaProjects\sprint-boot-robot\target\classes started by 67460 in D:\Project\IdeaProjects\sprint-boot-robot)
2020-06-10 11:46:34.227  INFO 2992 --- [main] e.f.s.SprintBootRobotApplication         : No active profile set, falling back to default profiles: default
2020-06-10 11:46:35.045  INFO 2992 --- [main] o.s.b.w.embedded.tomcat.TomcatWebServer  : Tomcat initialized with port(s): 7000 (http)
2020-06-10 11:46:35.052  INFO 2992 --- [main] o.apache.catalina.core.StandardService   : Starting service [Tomcat]
2020-06-10 11:46:35.053  INFO 2992 --- [main] org.apache.catalina.core.StandardEngine  : Starting Servlet engine: [Apache Tomcat/9.0.35]
2020-06-10 11:46:35.119  INFO 2992 --- [main] o.a.c.c.C.[Tomcat].[localhost].[/]       : Initializing Spring embedded WebApplicationContext
2020-06-10 11:46:35.120  INFO 2992 --- [main] o.s.web.context.ContextLoader            : Root WebApplicationContext: initialization completed in 794 ms
2020-06-10 11:46:35.400  INFO 2992 --- [main] o.s.s.concurrent.ThreadPoolTaskExecutor  : Initializing ExecutorService 'applicationTaskExecutor'
2020-06-10 11:46:35.497  INFO 2992 --- [main] o.s.s.c.ThreadPoolTaskScheduler          : Initializing ExecutorService 'taskScheduler'
2020-06-10 11:46:35.520  INFO 2992 --- [main] o.s.b.w.embedded.tomcat.TomcatWebServer  : Tomcat started on port(s): 7000 (http) with context path ''
2020-06-10 11:46:35.531  INFO 2992 --- [main] e.f.s.SprintBootRobotApplication         : Started SprintBootRobotApplication in 1.752 seconds (JVM running for 2.662)
2020-06-10 11:47:20.517  INFO 1036 --- [main] e.f.s.SprintBootRobotApplication         : Starting SprintBootRobotApplication on Ming with PID 1036 (D:\Project\IdeaProjects\sprint-boot-robot\target\classes started by 67460 in D:\Project\IdeaProjects\sprint-boot-robot)
2020-06-10 11:47:20.520  INFO 1036 --- [main] e.f.s.SprintBootRobotApplication         : No active profile set, falling back to default profiles: default
2020-06-10 11:47:21.469  INFO 1036 --- [main] o.s.b.w.embedded.tomcat.TomcatWebServer  : Tomcat initialized with port(s): 7000 (http)
2020-06-10 11:47:21.480  INFO 1036 --- [main] o.apache.catalina.core.StandardService   : Starting service [Tomcat]
2020-06-10 11:47:21.481  INFO 1036 --- [main] org.apache.catalina.core.StandardEngine  : Starting Servlet engine: [Apache Tomcat/9.0.35]
2020-06-10 11:47:21.545  INFO 1036 --- [main] o.a.c.c.C.[Tomcat].[localhost].[/]       : Initializing Spring embedded WebApplicationContext
2020-06-10 11:47:21.545  INFO 1036 --- [main] o.s.web.context.ContextLoader            : Root WebApplicationContext: initialization completed in 929 ms
2020-06-10 11:47:21.846  INFO 1036 --- [main] o.s.s.concurrent.ThreadPoolTaskExecutor  : Initializing ExecutorService 'applicationTaskExecutor'
2020-06-10 11:47:21.944  INFO 1036 --- [main] o.s.s.c.ThreadPoolTaskScheduler          : Initializing ExecutorService 'taskScheduler'
2020-06-10 11:47:21.977  INFO 1036 --- [main] o.s.b.w.embedded.tomcat.TomcatWebServer  : Tomcat started on port(s): 7000 (http) with context path ''
2020-06-10 11:47:21.990  INFO 1036 --- [main] e.f.s.SprintBootRobotApplication         : Started SprintBootRobotApplication in 1.839 seconds (JVM running for 2.4)
